Using pre-set license
Built from '2020.2/release' branch; Version is '2020.2.1f1 (270dd8c3da1c) revision 2559448'; Using compiler version '192528614'; Build Type 'Release'
OS: 'Windows 10  (10.0.0) 64bit' Language: 'tr' Physical Memory: 8130 MB
BatchMode: 1, IsHumanControllingUs: 0, StartBugReporterOnCrash: 0, Is64bit: 1, IsPro: 0

 COMMAND LINE ARGUMENTS:
C:\Program Files\Unity\Hub\Editor\2020.2.1f1\Editor\Unity.exe
-adb2
-batchMode
-noUpm
-name
AssetImportWorker0
-projectPath
C:/Users/tarik/Unity Projects/AdvertisePrototype
-logFile
Logs/AssetImportWorker0.log
-srvPort
55919
Successfully changed project path to: C:/Users/tarik/Unity Projects/AdvertisePrototype
C:/Users/tarik/Unity Projects/AdvertisePrototype
Using Asset Import Pipeline V2.
Refreshing native plugins compatible for Editor in 74.12 ms, found 1 plugins.
Preloading 0 native plugins for Editor in 0.00 ms.
Initialize engine version: 2020.2.1f1 (270dd8c3da1c)
[Subsystems] Discovering subsystems at path C:/Program Files/Unity/Hub/Editor/2020.2.1f1/Editor/Data/Resources/UnitySubsystems
[Subsystems] Discovering subsystems at path C:/Users/tarik/Unity Projects/AdvertisePrototype/Assets
GfxDevice: creating device client; threaded=0
Direct3D:
    Version:  Direct3D 11.0 [level 11.1]
    Renderer: Radeon (TM) RX 470 Graphics (ID=0x67df)
    Vendor:   
    VRAM:     4075 MB
    Driver:   27.20.1034.6
Initialize mono
Mono path[0] = 'C:/Program Files/Unity/Hub/Editor/2020.2.1f1/Editor/Data/Managed'
Mono path[1] = 'C:/Program Files/Unity/Hub/Editor/2020.2.1f1/Editor/Data/MonoBleedingEdge/lib/mono/unityjit'
Mono config path = 'C:/Program Files/Unity/Hub/Editor/2020.2.1f1/Editor/Data/MonoBleedingEdge/etc'
Using monoOptions --debugger-agent=transport=dt_socket,embedding=1,server=y,suspend=n,address=127.0.0.1:56096
Begin MonoManager ReloadAssembly
Registering precompiled unity dll's ...
Register platform support module: C:/Program Files/Unity/Hub/Editor/2020.2.1f1/Editor/Data/PlaybackEngines/WebGLSupport/UnityEditor.WebGL.Extensions.dll
Register platform support module: C:/Program Files/Unity/Hub/Editor/2020.2.1f1/Editor/Data/PlaybackEngines/WindowsStandaloneSupport/UnityEditor.WindowsStandalone.Extensions.dll
Register platform support module: C:/Program Files/Unity/Hub/Editor/2020.2.1f1/Editor/Data/PlaybackEngines/LuminSupport/UnityEditor.Lumin.Extensions.dll
Registered in 0.005360 seconds.
Native extension for Lumin target not found
Native extension for WindowsStandalone target not found
Native extension for WebGL target not found
Refreshing native plugins compatible for Editor in 40.47 ms, found 1 plugins.
Preloading 0 native plugins for Editor in 0.00 ms.
Invoked RoslynAnalysisRunner static constructor.
RoslynAnalysisRunner will not be running.
RoslynAnalysisRunner has terminated.
Mono: successfully reloaded assembly
- Completed reload, in  2.956 seconds
Platform modules already initialized, skipping
Registering precompiled user dll's ...
Registered in 0.006236 seconds.
Begin MonoManager ReloadAssembly
Native extension for Lumin target not found
Native extension for WindowsStandalone target not found
Native extension for WebGL target not found
Refreshing native plugins compatible for Editor in 45.95 ms, found 1 plugins.
Preloading 0 native plugins for Editor in 0.00 ms.
Invoked RoslynAnalysisRunner static constructor.
RoslynAnalysisRunner will not be running.
RoslynAnalysisRunner has terminated.
Mono: successfully reloaded assembly
- Completed reload, in  1.068 seconds
Platform modules already initialized, skipping
========================================================================
Worker process is ready to serve import requests
Launched and connected shader compiler UnityShaderCompiler.exe after 0.04 seconds
Refreshing native plugins compatible for Editor in 0.71 ms, found 1 plugins.
Preloading 0 native plugins for Editor in 0.00 ms.
Unloading 1855 Unused Serialized files (Serialized files now loaded: 0)
System memory in use before: 86.0 MB.
System memory in use after: 86.0 MB.

Unloading 83 unused Assets to reduce memory usage. Loaded Objects now: 2264.
Total: 2.822600 ms (FindLiveObjects: 0.268400 ms CreateObjectMapping: 0.087600 ms MarkObjects: 2.285900 ms  DeleteObjects: 0.179600 ms)

========================================================================
Received Import Request.
  path: Assets/ZZZ_MyData/Scripts/GiveCoins.cs
  artifactKey: Guid(541d4b124d08c4142955ae77f67201a7) Importer(815301076,1909f56bfc062723c751e8b465ee728b)
Start importing Assets/ZZZ_MyData/Scripts/GiveCoins.cs using Guid(541d4b124d08c4142955ae77f67201a7) Importer(815301076,1909f56bfc062723c751e8b465ee728b)  -> (artifact id: 'd81813e470c8faf45d455d88f003ca65') in 0.040927 seconds
  Import took 0.043979 seconds .

========================================================================
Received Import Request.
  Time since last request: 27.245895 seconds.
  path: Assets/ZZZ_MyData/Prefabs/CheckInternet.prefab
  artifactKey: Guid(efe542ebd04a10b49ac3c05a5ffd1b01) Importer(815301076,1909f56bfc062723c751e8b465ee728b)
Start importing Assets/ZZZ_MyData/Prefabs/CheckInternet.prefab using Guid(efe542ebd04a10b49ac3c05a5ffd1b01) Importer(815301076,1909f56bfc062723c751e8b465ee728b)  -> (artifact id: '9217afdb50be3ab24200664ca68195aa') in 0.026546 seconds
  Import took 0.030104 seconds .

========================================================================
Received Import Request.
  Time since last request: 1.625447 seconds.
  path: Assets/ZZZ_MyData/Prefabs/GiveCoinSystem.prefab
  artifactKey: Guid(024c267378095c0438be49fe18056035) Importer(815301076,1909f56bfc062723c751e8b465ee728b)
Start importing Assets/ZZZ_MyData/Prefabs/GiveCoinSystem.prefab using Guid(024c267378095c0438be49fe18056035) Importer(815301076,1909f56bfc062723c751e8b465ee728b)  -> (artifact id: '6f90d4e30e73fa213a65b4439689214c') in 0.008604 seconds
  Import took 0.012574 seconds .

========================================================================
Received Import Request.
  Time since last request: 0.000453 seconds.
  path: Assets/ZZZ_MyData/Prefabs/GiveCoinSystem.prefab
  artifactKey: Guid(024c267378095c0438be49fe18056035) Importer(815301076,1909f56bfc062723c751e8b465ee728b)
Start importing Assets/ZZZ_MyData/Prefabs/GiveCoinSystem.prefab using Guid(024c267378095c0438be49fe18056035) Importer(815301076,1909f56bfc062723c751e8b465ee728b)  -> (artifact id: '6f90d4e30e73fa213a65b4439689214c') in 0.004630 seconds
  Import took 0.008647 seconds .

========================================================================
Received Import Request.
  Time since last request: 12.157895 seconds.
  path: Assets/ZZZ_MyData/Scenes/OdulluReklamSuresiz.unity
  artifactKey: Guid(281fae50acec7c04a9d5133412ab4195) Importer(815301076,1909f56bfc062723c751e8b465ee728b)
Start importing Assets/ZZZ_MyData/Scenes/OdulluReklamSuresiz.unity using Guid(281fae50acec7c04a9d5133412ab4195) Importer(815301076,1909f56bfc062723c751e8b465ee728b)  -> (artifact id: '129d7fda4ffc4b645a288ae93a4ece89') in 0.008570 seconds
  Import took 0.023461 seconds .

========================================================================
Received Prepare
Registering precompiled user dll's ...
Registered in 0.005598 seconds.
Begin MonoManager ReloadAssembly
Native extension for Lumin target not found
Native extension for WindowsStandalone target not found
Native extension for WebGL target not found
Refreshing native plugins compatible for Editor in 0.83 ms, found 1 plugins.
Preloading 0 native plugins for Editor in 0.00 ms.
Invoked RoslynAnalysisRunner static constructor.
RoslynAnalysisRunner will not be running.
RoslynAnalysisRunner has terminated.
Mono: successfully reloaded assembly
- Completed reload, in  0.906 seconds
Platform modules already initialized, skipping
Refreshing native plugins compatible for Editor in 0.86 ms, found 1 plugins.
Preloading 0 native plugins for Editor in 0.00 ms.
Unloading 1852 Unused Serialized files (Serialized files now loaded: 0)
System memory in use before: 86.1 MB.
System memory in use after: 86.1 MB.

Unloading 71 unused Assets to reduce memory usage. Loaded Objects now: 2267.
Total: 2.979800 ms (FindLiveObjects: 0.268600 ms CreateObjectMapping: 0.199300 ms MarkObjects: 2.385300 ms  DeleteObjects: 0.125300 ms)

========================================================================
Received Import Request.
  Time since last request: 192.618237 seconds.
  path: Assets/ZZZ_MyData/Aborted
  artifactKey: Guid(3c6146bf9e71bdf48994a907233d6928) Importer(815301076,1909f56bfc062723c751e8b465ee728b)
Start importing Assets/ZZZ_MyData/Aborted using Guid(3c6146bf9e71bdf48994a907233d6928) Importer(815301076,1909f56bfc062723c751e8b465ee728b)  -> (artifact id: 'c68de8d627310b8f7142a0efdada67fb') in 0.009739 seconds
  Import took 0.013247 seconds .

========================================================================
Received Import Request.
  Time since last request: 15.542604 seconds.
  path: Assets/ZZZ_MyData/Prefabs/GiveCoinSystem.prefab
  artifactKey: Guid(024c267378095c0438be49fe18056035) Importer(815301076,1909f56bfc062723c751e8b465ee728b)
Start importing Assets/ZZZ_MyData/Prefabs/GiveCoinSystem.prefab using Guid(024c267378095c0438be49fe18056035) Importer(815301076,1909f56bfc062723c751e8b465ee728b)  -> (artifact id: 'c54af6d8a37ce1a86572fd5a545e53ab') in 0.024320 seconds
  Import took 0.027731 seconds .

========================================================================
Received Prepare
Registering precompiled user dll's ...
Registered in 0.005718 seconds.
Begin MonoManager ReloadAssembly
Native extension for Lumin target not found
Native extension for WindowsStandalone target not found
Native extension for WebGL target not found
Refreshing native plugins compatible for Editor in 0.83 ms, found 1 plugins.
Preloading 0 native plugins for Editor in 0.00 ms.
Invoked RoslynAnalysisRunner static constructor.
RoslynAnalysisRunner will not be running.
RoslynAnalysisRunner has terminated.
Mono: successfully reloaded assembly
- Completed reload, in  0.895 seconds
Platform modules already initialized, skipping
Refreshing native plugins compatible for Editor in 1.09 ms, found 1 plugins.
Preloading 0 native plugins for Editor in 0.00 ms.
Unloading 1853 Unused Serialized files (Serialized files now loaded: 0)
System memory in use before: 86.2 MB.
System memory in use after: 86.2 MB.

Unloading 71 unused Assets to reduce memory usage. Loaded Objects now: 2270.
Total: 2.797600 ms (FindLiveObjects: 0.195500 ms CreateObjectMapping: 0.084000 ms MarkObjects: 2.392400 ms  DeleteObjects: 0.124600 ms)

========================================================================
Received Prepare
Registering precompiled user dll's ...
Registered in 0.005489 seconds.
Begin MonoManager ReloadAssembly
Native extension for Lumin target not found
Native extension for WindowsStandalone target not found
Native extension for WebGL target not found
Refreshing native plugins compatible for Editor in 0.82 ms, found 1 plugins.
Preloading 0 native plugins for Editor in 0.00 ms.
Invoked RoslynAnalysisRunner static constructor.
RoslynAnalysisRunner will not be running.
RoslynAnalysisRunner has terminated.
Mono: successfully reloaded assembly
- Completed reload, in  0.910 seconds
Platform modules already initialized, skipping
Refreshing native plugins compatible for Editor in 0.88 ms, found 1 plugins.
Preloading 0 native plugins for Editor in 0.00 ms.
Unloading 1853 Unused Serialized files (Serialized files now loaded: 0)
System memory in use before: 86.3 MB.
System memory in use after: 86.3 MB.

Unloading 71 unused Assets to reduce memory usage. Loaded Objects now: 2273.
Total: 2.603600 ms (FindLiveObjects: 0.216100 ms CreateObjectMapping: 0.072300 ms MarkObjects: 2.195500 ms  DeleteObjects: 0.118700 ms)

========================================================================
Received Import Request.
  Time since last request: 130.911737 seconds.
  path: Assets/ZZZ_MyData/Scenes/AAA_InternetKontrol.unity
  artifactKey: Guid(0f27e4ab2483f4e4abc1149cdb85f387) Importer(815301076,1909f56bfc062723c751e8b465ee728b)
Start importing Assets/ZZZ_MyData/Scenes/AAA_InternetKontrol.unity using Guid(0f27e4ab2483f4e4abc1149cdb85f387) Importer(815301076,1909f56bfc062723c751e8b465ee728b)  -> (artifact id: '305eb6a2e23e68f4d9e1bc67ac33a52a') in 0.011858 seconds
  Import took 0.015036 seconds .

========================================================================
Received Prepare
Registering precompiled user dll's ...
Registered in 0.005930 seconds.
Begin MonoManager ReloadAssembly
Native extension for Lumin target not found
Native extension for WindowsStandalone target not found
Native extension for WebGL target not found
Refreshing native plugins compatible for Editor in 0.77 ms, found 1 plugins.
Preloading 0 native plugins for Editor in 0.00 ms.
Invoked RoslynAnalysisRunner static constructor.
RoslynAnalysisRunner will not be running.
RoslynAnalysisRunner has terminated.
Mono: successfully reloaded assembly
- Completed reload, in  0.896 seconds
Platform modules already initialized, skipping
Refreshing native plugins compatible for Editor in 1.06 ms, found 1 plugins.
Preloading 0 native plugins for Editor in 0.00 ms.
Unloading 1853 Unused Serialized files (Serialized files now loaded: 0)
System memory in use before: 86.4 MB.
System memory in use after: 86.4 MB.

Unloading 71 unused Assets to reduce memory usage. Loaded Objects now: 2276.
Total: 2.749500 ms (FindLiveObjects: 0.227200 ms CreateObjectMapping: 0.070000 ms MarkObjects: 2.304700 ms  DeleteObjects: 0.146300 ms)

========================================================================
Received Import Request.
  Time since last request: 90.642289 seconds.
  path: Assets/ZZZ_MyData/Scenes/OdulluReklamSuresiz.unity
  artifactKey: Guid(281fae50acec7c04a9d5133412ab4195) Importer(815301076,1909f56bfc062723c751e8b465ee728b)
Start importing Assets/ZZZ_MyData/Scenes/OdulluReklamSuresiz.unity using Guid(281fae50acec7c04a9d5133412ab4195) Importer(815301076,1909f56bfc062723c751e8b465ee728b)  -> (artifact id: 'f53157698ee641ef84d5b553fdace29d') in 0.012483 seconds
  Import took 0.016065 seconds .

========================================================================
Received Prepare
Registering precompiled user dll's ...
Registered in 0.006607 seconds.
Begin MonoManager ReloadAssembly
Native extension for Lumin target not found
Native extension for WindowsStandalone target not found
Native extension for WebGL target not found
Refreshing native plugins compatible for Editor in 0.70 ms, found 1 plugins.
Preloading 0 native plugins for Editor in 0.00 ms.
Invoked RoslynAnalysisRunner static constructor.
RoslynAnalysisRunner will not be running.
RoslynAnalysisRunner has terminated.
Mono: successfully reloaded assembly
- Completed reload, in  1.023 seconds
Platform modules already initialized, skipping
Refreshing native plugins compatible for Editor in 0.85 ms, found 1 plugins.
Preloading 0 native plugins for Editor in 0.00 ms.
Unloading 1853 Unused Serialized files (Serialized files now loaded: 0)
System memory in use before: 86.5 MB.
System memory in use after: 86.5 MB.

Unloading 71 unused Assets to reduce memory usage. Loaded Objects now: 2279.
Total: 2.655800 ms (FindLiveObjects: 0.272900 ms CreateObjectMapping: 0.147900 ms MarkObjects: 2.103100 ms  DeleteObjects: 0.130200 ms)

========================================================================
Received Prepare
Registering precompiled user dll's ...
Registered in 0.006318 seconds.
Begin MonoManager ReloadAssembly
Native extension for Lumin target not found
Native extension for WindowsStandalone target not found
Native extension for WebGL target not found
Refreshing native plugins compatible for Editor in 0.77 ms, found 1 plugins.
Preloading 0 native plugins for Editor in 0.00 ms.
Invoked RoslynAnalysisRunner static constructor.
RoslynAnalysisRunner will not be running.
RoslynAnalysisRunner has terminated.
Mono: successfully reloaded assembly
- Completed reload, in  0.919 seconds
Platform modules already initialized, skipping
Refreshing native plugins compatible for Editor in 0.86 ms, found 1 plugins.
Preloading 0 native plugins for Editor in 0.00 ms.
Unloading 1853 Unused Serialized files (Serialized files now loaded: 0)
System memory in use before: 86.6 MB.
System memory in use after: 86.6 MB.

Unloading 71 unused Assets to reduce memory usage. Loaded Objects now: 2282.
Total: 2.198700 ms (FindLiveObjects: 0.236700 ms CreateObjectMapping: 0.070100 ms MarkObjects: 1.752600 ms  DeleteObjects: 0.138200 ms)

========================================================================
Received Prepare
Registering precompiled user dll's ...
Registered in 0.006127 seconds.
Begin MonoManager ReloadAssembly
Native extension for Lumin target not found
Native extension for WindowsStandalone target not found
Native extension for WebGL target not found
Refreshing native plugins compatible for Editor in 0.80 ms, found 1 plugins.
Preloading 0 native plugins for Editor in 0.00 ms.
Invoked RoslynAnalysisRunner static constructor.
RoslynAnalysisRunner will not be running.
RoslynAnalysisRunner has terminated.
Mono: successfully reloaded assembly
- Completed reload, in  0.931 seconds
Platform modules already initialized, skipping
Refreshing native plugins compatible for Editor in 0.85 ms, found 1 plugins.
Preloading 0 native plugins for Editor in 0.00 ms.
Unloading 1853 Unused Serialized files (Serialized files now loaded: 0)
System memory in use before: 86.7 MB.
System memory in use after: 86.7 MB.

Unloading 71 unused Assets to reduce memory usage. Loaded Objects now: 2285.
Total: 2.101900 ms (FindLiveObjects: 0.189700 ms CreateObjectMapping: 0.073300 ms MarkObjects: 1.723100 ms  DeleteObjects: 0.114800 ms)

========================================================================
Received Prepare
Registering precompiled user dll's ...
Registered in 0.005283 seconds.
Begin MonoManager ReloadAssembly
Native extension for Lumin target not found
Native extension for WindowsStandalone target not found
Native extension for WebGL target not found
Refreshing native plugins compatible for Editor in 0.80 ms, found 1 plugins.
Preloading 0 native plugins for Editor in 0.00 ms.
Invoked RoslynAnalysisRunner static constructor.
RoslynAnalysisRunner will not be running.
RoslynAnalysisRunner has terminated.
Mono: successfully reloaded assembly
- Completed reload, in  0.923 seconds
Platform modules already initialized, skipping
Refreshing native plugins compatible for Editor in 0.82 ms, found 1 plugins.
Preloading 0 native plugins for Editor in 0.00 ms.
Unloading 1853 Unused Serialized files (Serialized files now loaded: 0)
System memory in use before: 86.9 MB.
System memory in use after: 86.9 MB.

Unloading 71 unused Assets to reduce memory usage. Loaded Objects now: 2288.
Total: 2.321400 ms (FindLiveObjects: 0.266300 ms CreateObjectMapping: 0.069700 ms MarkObjects: 1.866700 ms  DeleteObjects: 0.117800 ms)

========================================================================
Received Prepare
Registering precompiled user dll's ...
Registered in 0.005266 seconds.
Begin MonoManager ReloadAssembly
Native extension for Lumin target not found
Native extension for WindowsStandalone target not found
Native extension for WebGL target not found
Refreshing native plugins compatible for Editor in 0.86 ms, found 1 plugins.
Preloading 0 native plugins for Editor in 0.00 ms.
Invoked RoslynAnalysisRunner static constructor.
RoslynAnalysisRunner will not be running.
RoslynAnalysisRunner has terminated.
Mono: successfully reloaded assembly
- Completed reload, in  0.916 seconds
Platform modules already initialized, skipping
Refreshing native plugins compatible for Editor in 0.80 ms, found 1 plugins.
Preloading 0 native plugins for Editor in 0.00 ms.
Unloading 1853 Unused Serialized files (Serialized files now loaded: 0)
System memory in use before: 87.0 MB.
System memory in use after: 87.0 MB.

Unloading 71 unused Assets to reduce memory usage. Loaded Objects now: 2291.
Total: 2.110800 ms (FindLiveObjects: 0.217300 ms CreateObjectMapping: 0.068800 ms MarkObjects: 1.701800 ms  DeleteObjects: 0.121900 ms)

========================================================================
Received Prepare
Registering precompiled user dll's ...
Registered in 0.006062 seconds.
Begin MonoManager ReloadAssembly
Native extension for Lumin target not found
Native extension for WindowsStandalone target not found
Native extension for WebGL target not found
Refreshing native plugins compatible for Editor in 0.79 ms, found 1 plugins.
Preloading 0 native plugins for Editor in 0.00 ms.
Invoked RoslynAnalysisRunner static constructor.
RoslynAnalysisRunner will not be running.
RoslynAnalysisRunner has terminated.
Mono: successfully reloaded assembly
- Completed reload, in  1.014 seconds
Platform modules already initialized, skipping
Refreshing native plugins compatible for Editor in 0.86 ms, found 1 plugins.
Preloading 0 native plugins for Editor in 0.00 ms.
Unloading 1853 Unused Serialized files (Serialized files now loaded: 0)
System memory in use before: 87.0 MB.
System memory in use after: 87.0 MB.

Unloading 71 unused Assets to reduce memory usage. Loaded Objects now: 2294.
Total: 2.209300 ms (FindLiveObjects: 0.186300 ms CreateObjectMapping: 0.071400 ms MarkObjects: 1.812500 ms  DeleteObjects: 0.137900 ms)

========================================================================
Received Prepare
Registering precompiled user dll's ...
Registered in 0.006186 seconds.
Begin MonoManager ReloadAssembly
Native extension for Lumin target not found
Native extension for WindowsStandalone target not found
Native extension for WebGL target not found
Refreshing native plugins compatible for Editor in 0.84 ms, found 1 plugins.
Preloading 0 native plugins for Editor in 0.00 ms.
Invoked RoslynAnalysisRunner static constructor.
RoslynAnalysisRunner will not be running.
RoslynAnalysisRunner has terminated.
Mono: successfully reloaded assembly
- Completed reload, in  0.985 seconds
Platform modules already initialized, skipping
Refreshing native plugins compatible for Editor in 0.83 ms, found 1 plugins.
Preloading 0 native plugins for Editor in 0.00 ms.
Unloading 1853 Unused Serialized files (Serialized files now loaded: 0)
System memory in use before: 87.1 MB.
System memory in use after: 87.1 MB.

Unloading 71 unused Assets to reduce memory usage. Loaded Objects now: 2297.
Total: 2.558700 ms (FindLiveObjects: 0.246100 ms CreateObjectMapping: 0.073300 ms MarkObjects: 2.109100 ms  DeleteObjects: 0.129100 ms)

========================================================================
Received Prepare
Registering precompiled user dll's ...
Registered in 0.006050 seconds.
Begin MonoManager ReloadAssembly
Native extension for Lumin target not found
Native extension for WindowsStandalone target not found
Native extension for WebGL target not found
Refreshing native plugins compatible for Editor in 0.79 ms, found 1 plugins.
Preloading 0 native plugins for Editor in 0.00 ms.
Invoked RoslynAnalysisRunner static constructor.
RoslynAnalysisRunner will not be running.
RoslynAnalysisRunner has terminated.
Mono: successfully reloaded assembly
- Completed reload, in  1.045 seconds
Platform modules already initialized, skipping
Refreshing native plugins compatible for Editor in 0.83 ms, found 1 plugins.
Preloading 0 native plugins for Editor in 0.00 ms.
Unloading 1853 Unused Serialized files (Serialized files now loaded: 0)
System memory in use before: 87.2 MB.
System memory in use after: 87.2 MB.

Unloading 71 unused Assets to reduce memory usage. Loaded Objects now: 2300.
Total: 2.086200 ms (FindLiveObjects: 0.224200 ms CreateObjectMapping: 0.073300 ms MarkObjects: 1.662800 ms  DeleteObjects: 0.124300 ms)

========================================================================
Received Prepare
Registering precompiled user dll's ...
Registered in 0.006763 seconds.
Begin MonoManager ReloadAssembly
Native extension for Lumin target not found
Native extension for WindowsStandalone target not found
Native extension for WebGL target not found
Refreshing native plugins compatible for Editor in 0.90 ms, found 1 plugins.
Preloading 0 native plugins for Editor in 0.00 ms.
Invoked RoslynAnalysisRunner static constructor.
RoslynAnalysisRunner will not be running.
RoslynAnalysisRunner has terminated.
Mono: successfully reloaded assembly
- Completed reload, in  0.965 seconds
Platform modules already initialized, skipping
Refreshing native plugins compatible for Editor in 0.82 ms, found 1 plugins.
Preloading 0 native plugins for Editor in 0.00 ms.
Unloading 1853 Unused Serialized files (Serialized files now loaded: 0)
System memory in use before: 87.2 MB.
System memory in use after: 87.2 MB.

Unloading 71 unused Assets to reduce memory usage. Loaded Objects now: 2303.
Total: 2.141000 ms (FindLiveObjects: 0.201300 ms CreateObjectMapping: 0.074000 ms MarkObjects: 1.737800 ms  DeleteObjects: 0.126300 ms)

========================================================================
Received Prepare
Registering precompiled user dll's ...
Registered in 0.005321 seconds.
Begin MonoManager ReloadAssembly
Native extension for Lumin target not found
Native extension for WindowsStandalone target not found
Native extension for WebGL target not found
Refreshing native plugins compatible for Editor in 0.79 ms, found 1 plugins.
Preloading 0 native plugins for Editor in 0.00 ms.
Invoked RoslynAnalysisRunner static constructor.
RoslynAnalysisRunner will not be running.
RoslynAnalysisRunner has terminated.
Mono: successfully reloaded assembly
- Completed reload, in  0.951 seconds
Platform modules already initialized, skipping
Refreshing native plugins compatible for Editor in 0.78 ms, found 1 plugins.
Preloading 0 native plugins for Editor in 0.00 ms.
Unloading 1853 Unused Serialized files (Serialized files now loaded: 0)
System memory in use before: 87.4 MB.
System memory in use after: 87.4 MB.

Unloading 71 unused Assets to reduce memory usage. Loaded Objects now: 2306.
Total: 2.394900 ms (FindLiveObjects: 0.259500 ms CreateObjectMapping: 0.071400 ms MarkObjects: 1.927800 ms  DeleteObjects: 0.135400 ms)

========================================================================
Received Prepare
Registering precompiled user dll's ...
Registered in 0.005911 seconds.
Begin MonoManager ReloadAssembly
Native extension for Lumin target not found
Native extension for WindowsStandalone target not found
Native extension for WebGL target not found
Refreshing native plugins compatible for Editor in 0.80 ms, found 1 plugins.
Preloading 0 native plugins for Editor in 0.00 ms.
Invoked RoslynAnalysisRunner static constructor.
RoslynAnalysisRunner will not be running.
RoslynAnalysisRunner has terminated.
Mono: successfully reloaded assembly
- Completed reload, in  0.970 seconds
Platform modules already initialized, skipping
Refreshing native plugins compatible for Editor in 0.78 ms, found 1 plugins.
Preloading 0 native plugins for Editor in 0.00 ms.
Unloading 1853 Unused Serialized files (Serialized files now loaded: 0)
System memory in use before: 87.4 MB.
System memory in use after: 87.4 MB.

Unloading 71 unused Assets to reduce memory usage. Loaded Objects now: 2309.
Total: 2.656800 ms (FindLiveObjects: 0.265400 ms CreateObjectMapping: 0.066900 ms MarkObjects: 2.159200 ms  DeleteObjects: 0.164200 ms)

========================================================================
Received Prepare
Registering precompiled user dll's ...
Registered in 0.009879 seconds.
Begin MonoManager ReloadAssembly
Native extension for Lumin target not found
Native extension for WindowsStandalone target not found
Native extension for WebGL target not found
Refreshing native plugins compatible for Editor in 0.82 ms, found 1 plugins.
Preloading 0 native plugins for Editor in 0.00 ms.
Invoked RoslynAnalysisRunner static constructor.
RoslynAnalysisRunner will not be running.
RoslynAnalysisRunner has terminated.
Mono: successfully reloaded assembly
- Completed reload, in  1.130 seconds
Platform modules already initialized, skipping
Refreshing native plugins compatible for Editor in 1.42 ms, found 1 plugins.
Preloading 0 native plugins for Editor in 0.00 ms.
Unloading 1853 Unused Serialized files (Serialized files now loaded: 0)
System memory in use before: 87.5 MB.
System memory in use after: 87.5 MB.

Unloading 71 unused Assets to reduce memory usage. Loaded Objects now: 2312.
Total: 3.369600 ms (FindLiveObjects: 0.334000 ms CreateObjectMapping: 0.215800 ms MarkObjects: 2.624400 ms  DeleteObjects: 0.193600 ms)

========================================================================
Received Prepare
Registering precompiled user dll's ...
Registered in 0.005399 seconds.
Begin MonoManager ReloadAssembly
Native extension for Lumin target not found
Native extension for WindowsStandalone target not found
Native extension for WebGL target not found
Refreshing native plugins compatible for Editor in 0.83 ms, found 1 plugins.
Preloading 0 native plugins for Editor in 0.00 ms.
Invoked RoslynAnalysisRunner static constructor.
RoslynAnalysisRunner will not be running.
RoslynAnalysisRunner has terminated.
Mono: successfully reloaded assembly
- Completed reload, in  0.971 seconds
Platform modules already initialized, skipping
Refreshing native plugins compatible for Editor in 0.76 ms, found 1 plugins.
Preloading 0 native plugins for Editor in 0.00 ms.
Unloading 1853 Unused Serialized files (Serialized files now loaded: 0)
System memory in use before: 87.6 MB.
System memory in use after: 87.6 MB.

Unloading 71 unused Assets to reduce memory usage. Loaded Objects now: 2315.
Total: 2.124900 ms (FindLiveObjects: 0.219800 ms CreateObjectMapping: 0.068800 ms MarkObjects: 1.692600 ms  DeleteObjects: 0.142600 ms)

========================================================================
Received Prepare
Registering precompiled user dll's ...
Registered in 0.006079 seconds.
Begin MonoManager ReloadAssembly
Native extension for Lumin target not found
Native extension for WindowsStandalone target not found
Native extension for WebGL target not found
Refreshing native plugins compatible for Editor in 0.81 ms, found 1 plugins.
Preloading 0 native plugins for Editor in 0.00 ms.
Invoked RoslynAnalysisRunner static constructor.
RoslynAnalysisRunner will not be running.
RoslynAnalysisRunner has terminated.
Mono: successfully reloaded assembly
- Completed reload, in  0.989 seconds
Platform modules already initialized, skipping
Refreshing native plugins compatible for Editor in 0.82 ms, found 1 plugins.
Preloading 0 native plugins for Editor in 0.00 ms.
Unloading 1853 Unused Serialized files (Serialized files now loaded: 0)
System memory in use before: 87.7 MB.
System memory in use after: 87.7 MB.

Unloading 71 unused Assets to reduce memory usage. Loaded Objects now: 2318.
Total: 2.171400 ms (FindLiveObjects: 0.224400 ms CreateObjectMapping: 0.069900 ms MarkObjects: 1.732600 ms  DeleteObjects: 0.143600 ms)

========================================================================
Received Prepare
Registering precompiled user dll's ...
Registered in 0.005911 seconds.
Begin MonoManager ReloadAssembly
Native extension for Lumin target not found
Native extension for WindowsStandalone target not found
Native extension for WebGL target not found
Refreshing native plugins compatible for Editor in 0.96 ms, found 1 plugins.
Preloading 0 native plugins for Editor in 0.00 ms.
Invoked RoslynAnalysisRunner static constructor.
RoslynAnalysisRunner will not be running.
RoslynAnalysisRunner has terminated.
Mono: successfully reloaded assembly
- Completed reload, in  0.978 seconds
Platform modules already initialized, skipping
Refreshing native plugins compatible for Editor in 0.76 ms, found 1 plugins.
Preloading 0 native plugins for Editor in 0.00 ms.
Unloading 1853 Unused Serialized files (Serialized files now loaded: 0)
System memory in use before: 87.8 MB.
System memory in use after: 87.8 MB.

Unloading 71 unused Assets to reduce memory usage. Loaded Objects now: 2321.
Total: 2.931600 ms (FindLiveObjects: 0.280800 ms CreateObjectMapping: 0.072000 ms MarkObjects: 2.444000 ms  DeleteObjects: 0.133300 ms)

AssetImportWorkerClient::OnTransportError - code=2 error=End of file
